#
# A fatal error has been detected by the Java Runtime Environment:
#
#  EXCEPTION_ACCESS_VIOLATION (0xc0000005) at pc=0x000000006ad3f872, pid=6116, tid=0x00000000000008e8
#
# JRE version: Java(TM) SE Runtime Environment (8.0_112-b15) (build 1.8.0_112-b15)
# Java VM: Java HotSpot(TM) 64-Bit Server VM (25.112-b15 mixed mode windows-amd64 compressed oops)
# Problematic frame:
# V  [jvm.dll+0xaf872]
#
# Failed to write core dump. Minidumps are not enabled by default on client versions of Windows
#
# If you would like to submit a bug report, please visit:
#   http://bugreport.java.com/bugreport/crash.jsp
#

---------------  T H R E A D  ---------------

Current thread (0x00000000028bd800):  GCTaskThread [stack: 0x0000000012810000,0x0000000012910000] [id=2280]

siginfo: ExceptionCode=0xc0000005, reading address 0x00000000000000e8

Registers:
RAX=0x0000000000000000, RBX=0x00000000d7f9a258, RCX=0x0000000100000b28, RDX=0x00000000d7f9a258
RSP=0x000000001290f898, RBP=0x0000000000000000, RSI=0x00000000179e5880, RDI=0x000000001e9e8350
R8 =0x0000000000000000, R9 =0x0000000100000b28, R10=0x0000000000000001, R11=0x000000001290f900
R12=0x000000006b2e3d58, R13=0x0000000000000021, R14=0x00000000028bdd00, R15=0x00000000028bddc0
RIP=0x000000006ad3f872, EFLAGS=0x0000000000010246

Top of Stack: (sp=0x000000001290f898)
0x000000001290f898:   000000006b090702 00000000d7e98608
0x000000001290f8a8:   0000000000000004 0000056f00000600
0x000000001290f8b8:   0000056f00000601 00000000028bddb0
0x000000001290f8c8:   0000056f00000602 0000056f00000601
0x000000001290f8d8:   0000056f00000601 00000000028bddb0
0x000000001290f8e8:   00000000028ace40 000000006b2e3d58
0x000000001290f8f8:   000000006b090a70 00000000d7a185cc
0x000000001290f908:   0000000000000000 0000000000000004
0x000000001290f918:   000000001e9e8350 00000000179e5880
0x000000001290f928:   000000006b093da1 0000056f00000602
0x000000001290f938:   00000000179e5880 0000000000000000
0x000000001290f948:   0000000080c1a645 000000001e9e8350
0x000000001290f958:   0000000000000000 0000000000000000
0x000000001290f968:   000000006b08265e 0000000018392989
0x000000001290f978:   00000000028bd800 0000000000000000
0x000000001290f988:   00000000d7a185cd 00000000028bd800 

Instructions: (pc=0x000000006ad3f872)
0x000000006ad3f852:   e2 49 8d 0c 11 49 f7 d1 48 03 c1 49 c1 e9 03 48
0x000000006ad3f862:   c1 e8 03 41 23 c1 c3 48 8b 02 48 8b d1 49 8b c9
0x000000006ad3f872:   48 ff a0 e8 00 00 00 cc cc cc cc cc cc cc 80 3d
0x000000006ad3f882:   ea ba 75 00 00 48 8b c1 74 1b 8b 51 08 8b 0d 13 


Register to memory mapping:

RAX=0x0000000000000000 is an unknown value
RBX=0x00000000d7f9a258 is an oop

[error occurred during error reporting (printing register info), id 0xc0000005]

Stack: [0x0000000012810000,0x0000000012910000],  sp=0x000000001290f898,  free space=1022k
Native frames: (J=compiled Java code, j=interpreted, Vv=VM code, C=native code)


---------------  P R O C E S S  ---------------

Java Threads: ( => current thread )
  0x00000000199a2000 JavaThread "Service Thread" daemon [_thread_blocked, id=4736, stack(0x000000001a4d0000,0x000000001a5d0000)]
  0x0000000019912800 JavaThread "C1 CompilerThread3" daemon [_thread_blocked, id=4252, stack(0x000000001a3d0000,0x000000001a4d0000)]
  0x000000001990e000 JavaThread "C2 CompilerThread2" daemon [_thread_blocked, id=5840, stack(0x000000001a2d0000,0x000000001a3d0000)]
  0x000000001990a800 JavaThread "C2 CompilerThread1" daemon [_thread_blocked, id=1304, stack(0x000000001a1d0000,0x000000001a2d0000)]
  0x0000000019908000 JavaThread "C2 CompilerThread0" daemon [_thread_blocked, id=9064, stack(0x000000001a0d0000,0x000000001a1d0000)]
  0x0000000019906000 JavaThread "Attach Listener" daemon [_thread_blocked, id=4864, stack(0x0000000019fd0000,0x000000001a0d0000)]
  0x0000000019905000 JavaThread "Signal Dispatcher" daemon [_thread_blocked, id=3328, stack(0x0000000019ed0000,0x0000000019fd0000)]
  0x000000000299e800 JavaThread "Finalizer" daemon [_thread_blocked, id=9180, stack(0x0000000019ce0000,0x0000000019de0000)]
  0x00000000179ed800 JavaThread "Reference Handler" daemon [_thread_blocked, id=2588, stack(0x00000000197e0000,0x00000000198e0000)]
  0x00000000028a1000 JavaThread "main" [_thread_blocked, id=6516, stack(0x00000000027a0000,0x00000000028a0000)]

Other Threads:
  0x00000000179e8800 VMThread [stack: 0x00000000196e0000,0x00000000197e0000] [id=9932]
  0x00000000199be000 WatcherThread [stack: 0x000000001a5d0000,0x000000001a6d0000] [id=3820]

=>0x00000000028bd800 (exited) GCTaskThread [stack: 0x0000000012810000,0x0000000012910000] [id=2280]

VM state:at safepoint (normal execution)

VM Mutex/Monitor currently owned by a thread:  ([mutex/lock_event])
[0x000000000273c170] Threads_lock - owner thread: 0x00000000179e8800
[0x000000000273bd70] Heap_lock - owner thread: 0x00000000028a1000

Heap:
 PSYoungGen      total 38400K, used 38384K [0x00000000d5600000, 0x00000000da100000, 0x0000000100000000)
  eden space 33280K, 100% used [0x00000000d5600000,0x00000000d7680000,0x00000000d7680000)
  from space 5120K, 99% used [0x00000000d7b80000,0x00000000d807c030,0x00000000d8080000)
  to   space 5120K, 99% used [0x00000000d7680000,0x00000000d7b7c030,0x00000000d7b80000)
 ParOldGen       total 87552K, used 12051K [0x0000000080200000, 0x0000000085780000, 0x00000000d5600000)
  object space 87552K, 13% used [0x0000000080200000,0x0000000080dc4c70,0x0000000085780000)
 Metaspace       used 15582K, capacity 15844K, committed 16128K, reserved 1062912K
  class space    used 1871K, capacity 1983K, committed 2048K, reserved 1048576K

Card table byte_map: [0x0000000011d60000,0x0000000012160000] byte_map_base: 0x000000001195f000

Marking Bits: (ParMarkBitMap*) 0x000000006b4aa6d0
 Begin Bits: [0x0000000012c10000, 0x0000000014c08000)
 End Bits:   [0x0000000014c08000, 0x0000000016c00000)

Polling page: 0x00000000026e0000

CodeCache: size=245760Kb used=9466Kb max_used=9474Kb free=236293Kb
 bounds [0x00000000029a0000, 0x00000000032f0000, 0x00000000119a0000]
 total_blobs=3050 nmethods=2710 adapters=253
 compilation: enabled

Compilation events (10 events):
Event: 7.391 Thread 0x000000001990a800 nmethod 2724 0x00000000032dff50 code [0x00000000032e00c0, 0x00000000032e0478]
Event: 7.391 Thread 0x0000000019908000 2727       4       java.util.regex.Pattern$GroupHead::match (47 bytes)
Event: 7.391 Thread 0x0000000019912800 2728       3       java.net.URI$Parser::scan (50 bytes)
Event: 7.392 Thread 0x0000000019912800 nmethod 2728 0x00000000032e4650 code [0x00000000032e4820, 0x00000000032e50e8]
Event: 7.392 Thread 0x0000000019908000 nmethod 2727 0x00000000032e4250 code [0x00000000032e43a0, 0x00000000032e44d8]
Event: 7.394 Thread 0x000000001990e000 2729 % !   4       sun.net.www.ParseUtil::decode @ 69 (316 bytes)
Event: 7.396 Thread 0x0000000019912800 2731       3       java.util.TreeMap::successor (66 bytes)
Event: 7.396 Thread 0x0000000019912800 nmethod 2731 0x00000000032df890 code [0x00000000032dfa20, 0x00000000032dfd90]
Event: 7.396 Thread 0x0000000019912800 2730       3       java.util.TreeMap$PrivateEntryIterator::nextEntry (54 bytes)
Event: 7.397 Thread 0x0000000019912800 nmethod 2730 0x00000000032e96d0 code [0x00000000032e9860, 0x00000000032e9c28]

GC Heap History (9 events):
Event: 4.090 GC heap before
{Heap before GC invocations=1 (full 0):
 PSYoungGen      total 38400K, used 33280K [0x00000000d5600000, 0x00000000d8080000, 0x0000000100000000)
  eden space 33280K, 100% used [0x00000000d5600000,0x00000000d7680000,0x00000000d7680000)
  from space 5120K, 0% used [0x00000000d7b80000,0x00000000d7b80000,0x00000000d8080000)
  to   space 5120K, 0% used [0x00000000d7680000,0x00000000d7680000,0x00000000d7b80000)
 ParOldGen       total 87552K, used 0K [0x0000000080200000, 0x0000000085780000, 0x00000000d5600000)
  object space 87552K, 0% used [0x0000000080200000,0x0000000080200000,0x0000000085780000)
 Metaspace       used 8351K, capacity 8580K, committed 8832K, reserved 1056768K
  class space    used 1045K, capacity 1120K, committed 1152K, reserved 1048576K
Event: 4.096 GC heap after
Heap after GC invocations=1 (full 0):
 PSYoungGen      total 38400K, used 5013K [0x00000000d5600000, 0x00000000d8080000, 0x0000000100000000)
  eden space 33280K, 0% used [0x00000000d5600000,0x00000000d5600000,0x00000000d7680000)
  from space 5120K, 97% used [0x00000000d7680000,0x00000000d7b655e8,0x00000000d7b80000)
  to   space 5120K, 0% used [0x00000000d7b80000,0x00000000d7b80000,0x00000000d8080000)
 ParOldGen       total 87552K, used 16K [0x0000000080200000, 0x0000000085780000, 0x00000000d5600000)
  object space 87552K, 0% used [0x0000000080200000,0x0000000080204000,0x0000000085780000)
 Metaspace       used 8351K, capacity 8580K, committed 8832K, reserved 1056768K
  class space    used 1045K, capacity 1120K, committed 1152K, reserved 1048576K
}
Event: 4.927 GC heap before
{Heap before GC invocations=2 (full 0):
 PSYoungGen      total 38400K, used 38293K [0x00000000d5600000, 0x00000000d8080000, 0x0000000100000000)
  eden space 33280K, 100% used [0x00000000d5600000,0x00000000d7680000,0x00000000d7680000)
  from space 5120K, 97% used [0x00000000d7680000,0x00000000d7b655e8,0x00000000d7b80000)
  to   space 5120K, 0% used [0x00000000d7b80000,0x00000000d7b80000,0x00000000d8080000)
 ParOldGen       total 87552K, used 16K [0x0000000080200000, 0x0000000085780000, 0x00000000d5600000)
  object space 87552K, 0% used [0x0000000080200000,0x0000000080204000,0x0000000085780000)
 Metaspace       used 12435K, capacity 12662K, committed 12800K, reserved 1060864K
  class space    used 1579K, capacity 1709K, committed 1792K, reserved 1048576K
Event: 4.936 GC heap after
Heap after GC invocations=2 (full 0):
 PSYoungGen      total 38400K, used 5111K [0x00000000d5600000, 0x00000000d8080000, 0x0000000100000000)
  eden space 33280K, 0% used [0x00000000d5600000,0x00000000d5600000,0x00000000d7680000)
  from space 5120K, 99% used [0x00000000d7b80000,0x00000000d807ded8,0x00000000d8080000)
  to   space 5120K, 0% used [0x00000000d7680000,0x00000000d7680000,0x00000000d7b80000)
 ParOldGen       total 87552K, used 2629K [0x0000000080200000, 0x0000000085780000, 0x00000000d5600000)
  object space 87552K, 3% used [0x0000000080200000,0x0000000080491550,0x0000000085780000)
 Metaspace       used 12435K, capacity 12662K, committed 12800K, reserved 1060864K
  class space    used 1579K, capacity 1709K, committed 1792K, reserved 1048576K
}
Event: 5.739 GC heap before
{Heap before GC invocations=3 (full 0):
 PSYoungGen      total 38400K, used 38391K [0x00000000d5600000, 0x00000000d8080000, 0x0000000100000000)
  eden space 33280K, 100% used [0x00000000d5600000,0x00000000d7680000,0x00000000d7680000)
  from space 5120K, 99% used [0x00000000d7b80000,0x00000000d807ded8,0x00000000d8080000)
  to   space 5120K, 0% used [0x00000000d7680000,0x00000000d7680000,0x00000000d7b80000)
 ParOldGen       total 87552K, used 2629K [0x0000000080200000, 0x0000000085780000, 0x00000000d5600000)
  object space 87552K, 3% used [0x0000000080200000,0x0000000080491550,0x0000000085780000)
 Metaspace       used 14842K, capacity 15146K, committed 15360K, reserved 1062912K
  class space    used 1817K, capacity 1947K, committed 2048K, reserved 1048576K
Event: 5.751 GC heap after
Heap after GC invocations=3 (full 0):
 PSYoungGen      total 38400K, used 5104K [0x00000000d5600000, 0x00000000d8080000, 0x0000000100000000)
  eden space 33280K, 0% used [0x00000000d5600000,0x00000000d5600000,0x00000000d7680000)
  from space 5120K, 99% used [0x00000000d7680000,0x00000000d7b7c010,0x00000000d7b80000)
  to   space 5120K, 0% used [0x00000000d7b80000,0x00000000d7b80000,0x00000000d8080000)
 ParOldGen       total 87552K, used 6153K [0x0000000080200000, 0x0000000085780000, 0x00000000d5600000)
  object space 87552K, 7% used [0x0000000080200000,0x00000000808024a8,0x0000000085780000)
 Metaspace       used 14842K, capacity 15146K, committed 15360K, reserved 1062912K
  class space    used 1817K, capacity 1947K, committed 2048K, reserved 1048576K
}
Event: 6.351 GC heap before
{Heap before GC invocations=4 (full 0):
 PSYoungGen      total 38400K, used 38384K [0x00000000d5600000, 0x00000000d8080000, 0x0000000100000000)
  eden space 33280K, 100% used [0x00000000d5600000,0x00000000d7680000,0x00000000d7680000)
  from space 5120K, 99% used [0x00000000d7680000,0x00000000d7b7c010,0x00000000d7b80000)
  to   space 5120K, 0% used [0x00000000d7b80000,0x00000000d7b80000,0x00000000d8080000)
 ParOldGen       total 87552K, used 6153K [0x0000000080200000, 0x0000000085780000, 0x00000000d5600000)
  object space 87552K, 7% used [0x0000000080200000,0x00000000808024a8,0x0000000085780000)
 Metaspace       used 15092K, capacity 15402K, committed 15616K, reserved 1062912K
  class space    used 1835K, capacity 1947K, committed 2048K, reserved 1048576K
Event: 6.365 GC heap after
Heap after GC invocations=4 (full 0):
 PSYoungGen      total 38400K, used 5104K [0x00000000d5600000, 0x00000000da100000, 0x0000000100000000)
  eden space 33280K, 0% used [0x00000000d5600000,0x00000000d5600000,0x00000000d7680000)
  from space 5120K, 99% used [0x00000000d7b80000,0x00000000d807c030,0x00000000d8080000)
  to   space 5120K, 0% used [0x00000000d7680000,0x00000000d7680000,0x00000000d7b80000)
 ParOldGen       total 87552K, used 9723K [0x0000000080200000, 0x0000000085780000, 0x00000000d5600000)
  object space 87552K, 11% used [0x0000000080200000,0x0000000080b7ec70,0x0000000085780000)
 Metaspace       used 15092K, capacity 15402K, committed 15616K, reserved 1062912K
  class space    used 1835K, capacity 1947K, committed 2048K, reserved 1048576K
}
Event: 7.398 GC heap before
{Heap before GC invocations=5 (full 0):
 PSYoungGen      total 38400K, used 38384K [0x00000000d5600000, 0x00000000da100000, 0x0000000100000000)
  eden space 33280K, 100% used [0x00000000d5600000,0x00000000d7680000,0x00000000d7680000)
  from space 5120K, 99% used [0x00000000d7b80000,0x00000000d807c030,0x00000000d8080000)
  to   space 5120K, 0% used [0x00000000d7680000,0x00000000d7680000,0x00000000d7b80000)
 ParOldGen       total 87552K, used 9723K [0x0000000080200000, 0x0000000085780000, 0x00000000d5600000)
  object space 87552K, 11% used [0x0000000080200000,0x0000000080b7ec70,0x0000000085780000)
 Metaspace       used 15582K, capacity 15844K, committed 16128K, reserved 1062912K
  class space    used 1871K, capacity 1983K, committed 2048K, reserved 1048576K

Deoptimization events (10 events):
Event: 6.578 Thread 0x00000000028a1000 Uncommon trap: reason=speculate_class_check action=maybe_recompile pc=0x0000000003088594 method=java.nio.charset.CharsetDecoder.decode(Ljava/nio/ByteBuffer;Ljava/nio/CharBuffer;Z)Ljava/nio/charset/CoderResult; @ 57
Event: 6.580 Thread 0x00000000028a1000 Uncommon trap: reason=speculate_class_check action=maybe_recompile pc=0x0000000003088594 method=java.nio.charset.CharsetDecoder.decode(Ljava/nio/ByteBuffer;Ljava/nio/CharBuffer;Z)Ljava/nio/charset/CoderResult; @ 57
Event: 6.594 Thread 0x00000000028a1000 Uncommon trap: reason=unstable_if action=reinterpret pc=0x00000000031b6310 method=java.util.regex.Pattern$Curly.match0(Ljava/util/regex/Matcher;IILjava/lang/CharSequence;)Z @ 5
Event: 6.672 Thread 0x00000000028a1000 Uncommon trap: reason=unstable_if action=reinterpret pc=0x00000000031407f0 method=java.util.HashMap.getNode(ILjava/lang/Object;)Ljava/util/HashMap$Node; @ 53
Event: 6.672 Thread 0x00000000028a1000 Uncommon trap: reason=unstable_if action=reinterpret pc=0x0000000002d3e27c method=java.util.HashMap.getNode(ILjava/lang/Object;)Ljava/util/HashMap$Node; @ 53
Event: 6.800 Thread 0x00000000028a1000 Uncommon trap: reason=bimorphic action=maybe_recompile pc=0x0000000002f0de98 method=java.util.concurrent.ConcurrentHashMap.get(Ljava/lang/Object;)Ljava/lang/Object; @ 149
Event: 6.816 Thread 0x00000000028a1000 Uncommon trap: reason=bimorphic action=maybe_recompile pc=0x0000000002f0de98 method=java.util.concurrent.ConcurrentHashMap.get(Ljava/lang/Object;)Ljava/lang/Object; @ 149
Event: 6.837 Thread 0x00000000028a1000 Uncommon trap: reason=bimorphic action=maybe_recompile pc=0x0000000002f0de98 method=java.util.concurrent.ConcurrentHashMap.get(Ljava/lang/Object;)Ljava/lang/Object; @ 149
Event: 6.936 Thread 0x00000000028a1000 Uncommon trap: reason=bimorphic action=maybe_recompile pc=0x0000000002f0de98 method=java.util.concurrent.ConcurrentHashMap.get(Ljava/lang/Object;)Ljava/lang/Object; @ 149
Event: 7.245 Thread 0x00000000028a1000 Uncommon trap: reason=unstable_if action=reinterpret pc=0x0000000002ec60d0 method=java.util.LinkedHashMap.afterNodeInsertion(Z)V @ 18

Internal exceptions (10 events):
Event: 5.220 Thread 0x00000000028a1000 Exception <a 'java/lang/NullPointerException'> (0x00000000d5dd4b78) thrown at [C:\re\workspace\8-2-build-windows-amd64-cygwin\jdk8u112\7884\hotspot\src\share\vm\interpreter\linkResolver.cpp, line 1178]
Event: 5.220 Thread 0x00000000028a1000 Exception <a 'java/lang/NullPointerException'> (0x00000000d5dd4d90) thrown at [C:\re\workspace\8-2-build-windows-amd64-cygwin\jdk8u112\7884\hotspot\src\share\vm\interpreter\linkResolver.cpp, line 1178]
Event: 5.220 Thread 0x00000000028a1000 Exception <a 'java/lang/NullPointerException'> (0x00000000d5dd4fa8) thrown at [C:\re\workspace\8-2-build-windows-amd64-cygwin\jdk8u112\7884\hotspot\src\share\vm\interpreter\linkResolver.cpp, line 1178]
Event: 5.405 Thread 0x00000000028a1000 Implicit null exception at 0x0000000002f18eef to 0x0000000002f19131
Event: 5.912 Thread 0x00000000028a1000 Implicit null exception at 0x0000000003053e6f to 0x00000000030540b1
Event: 5.972 Thread 0x00000000028a1000 Implicit null exception at 0x0000000002d3e655 to 0x0000000002d3e82d
Event: 5.972 Thread 0x00000000028a1000 Implicit null exception at 0x0000000002d55c2f to 0x0000000002d55c99
Event: 6.150 Thread 0x00000000028a1000 Implicit null exception at 0x0000000002f7f7f5 to 0x0000000002f7fa99
Event: 6.150 Thread 0x00000000028a1000 Implicit null exception at 0x0000000002ecd401 to 0x0000000002ecdc31
Event: 6.151 Thread 0x00000000028a1000 Implicit null exception at 0x0000000002e0ef9b to 0x0000000002e0f405

Events (10 events):
Event: 7.396 loading class org/apache/maven/plugin/AbstractMojo done
Event: 7.396 loading class org/apache/maven/plugin/AbstractMojo
Event: 7.396 loading class org/apache/maven/plugin/AbstractMojo done
Event: 7.396 loading class org/apache/maven/plugin/ContextEnabled
Event: 7.396 loading class org/apache/maven/plugin/ContextEnabled done
Event: 7.397 loading class org/eclipse/sisu/plexus/ComponentDescriptorBeanModule$ComponentMetadata
Event: 7.397 loading class org/eclipse/sisu/plexus/ComponentDescriptorBeanModule$ComponentMetadata done
Event: 7.397 loading class org/apache/maven/plugin/Mojo
Event: 7.397 loading class org/apache/maven/plugin/Mojo done
Event: 7.397 Executing VM operation: ParallelGCFailedAllocation


Dynamic libraries:
0x00007ff719bb0000 - 0x00007ff719be7000 	C:\Program Files\Java\jdk1.8.0_112\bin\java.exe
0x00007ff8fde60000 - 0x00007ff8fe031000 	C:\WINDOWS\SYSTEM32\ntdll.dll
0x00007ff8fc1c0000 - 0x00007ff8fc26b000 	C:\WINDOWS\System32\KERNEL32.DLL
0x00007ff8fab00000 - 0x00007ff8fad1d000 	C:\WINDOWS\System32\KERNELBASE.dll
0x00007ff8fbda0000 - 0x00007ff8fbe42000 	C:\WINDOWS\System32\ADVAPI32.dll
0x00007ff8fc0f0000 - 0x00007ff8fc18e000 	C:\WINDOWS\System32\msvcrt.dll
0x00007ff8fb3f0000 - 0x00007ff8fb449000 	C:\WINDOWS\System32\sechost.dll
0x00007ff8fb9e0000 - 0x00007ff8fbb01000 	C:\WINDOWS\System32\RPCRT4.dll
0x00007ff8fbf80000 - 0x00007ff8fc0e5000 	C:\WINDOWS\System32\USER32.dll
0x00007ff8fae70000 - 0x00007ff8fae8e000 	C:\WINDOWS\System32\win32u.dll
0x00007ff8fc5e0000 - 0x00007ff8fc614000 	C:\WINDOWS\System32\GDI32.dll
0x00007ff8fb260000 - 0x00007ff8fb3e2000 	C:\WINDOWS\System32\gdi32full.dll
0x00007ff8e3f90000 - 0x00007ff8e4209000 	C:\WINDOWS\WinSxS\amd64_microsoft.windows.common-controls_6595b64144ccf1df_6.0.14393.0_none_2d0f50fcbdb171b8\COMCTL32.dll
0x00007ff8fdb90000 - 0x00007ff8fde57000 	C:\WINDOWS\System32\combase.dll
0x00007ff8fb160000 - 0x00007ff8fb255000 	C:\WINDOWS\System32\ucrtbase.dll
0x00007ff8faa90000 - 0x00007ff8faafa000 	C:\WINDOWS\System32\bcryptPrimitives.dll
0x00007ff8fc5b0000 - 0x00007ff8fc5de000 	C:\WINDOWS\System32\IMM32.DLL
0x000000006b530000 - 0x000000006b602000 	C:\Program Files\Java\jdk1.8.0_112\jre\bin\msvcr100.dll
0x000000006ac90000 - 0x000000006b52a000 	C:\Program Files\Java\jdk1.8.0_112\jre\bin\server\jvm.dll
0x00007ff8fc190000 - 0x00007ff8fc198000 	C:\WINDOWS\System32\PSAPI.DLL
0x00007ff8f8210000 - 0x00007ff8f8233000 	C:\WINDOWS\SYSTEM32\WINMM.dll
0x00007ff8ed9b0000 - 0x00007ff8ed9b9000 	C:\WINDOWS\SYSTEM32\WSOCK32.dll
0x00007ff8f5940000 - 0x00007ff8f594a000 	C:\WINDOWS\SYSTEM32\VERSION.dll
0x00007ff8fbf10000 - 0x00007ff8fbf7a000 	C:\WINDOWS\System32\WS2_32.dll
0x00007ff8f81b0000 - 0x00007ff8f81db000 	C:\WINDOWS\SYSTEM32\WINMMBASE.dll
0x00007ff8fb060000 - 0x00007ff8fb0a2000 	C:\WINDOWS\System32\cfgmgr32.dll
0x000000006ac80000 - 0x000000006ac8f000 	C:\Program Files\Java\jdk1.8.0_112\jre\bin\verify.dll
0x000000006ac50000 - 0x000000006ac79000 	C:\Program Files\Java\jdk1.8.0_112\jre\bin\java.dll
0x000000006ac30000 - 0x000000006ac46000 	C:\Program Files\Java\jdk1.8.0_112\jre\bin\zip.dll
0x00007ff8fc680000 - 0x00007ff8fdb88000 	C:\WINDOWS\System32\SHELL32.dll
0x00007ff8fa350000 - 0x00007ff8faa2a000 	C:\WINDOWS\System32\windows.storage.dll
0x00007ff8fa2c0000 - 0x00007ff8fa30c000 	C:\WINDOWS\System32\powrprof.dll
0x00007ff8fb980000 - 0x00007ff8fb9d2000 	C:\WINDOWS\System32\shlwapi.dll
0x00007ff8fa340000 - 0x00007ff8fa34f000 	C:\WINDOWS\System32\kernel.appcore.dll
0x00007ff8fb0b0000 - 0x00007ff8fb159000 	C:\WINDOWS\System32\shcore.dll
0x00007ff8fa320000 - 0x00007ff8fa334000 	C:\WINDOWS\System32\profapi.dll
0x000000006ac10000 - 0x000000006ac2a000 	C:\Program Files\Java\jdk1.8.0_112\jre\bin\net.dll
0x00007ff8f9af0000 - 0x00007ff8f9b4c000 	C:\WINDOWS\system32\mswsock.dll
0x000000006abf0000 - 0x000000006ac01000 	C:\Program Files\Java\jdk1.8.0_112\jre\bin\nio.dll
0x00007ff8f1750000 - 0x00007ff8f18e2000 	C:\WINDOWS\SYSTEM32\dbghelp.dll

VM Arguments:
jvm_args: -Dmaven.multiModuleProjectDirectory=C:\Users\Liu Yang\Downloads\gs-spring-boot-master\gs-spring-boot-master\complete 
java_command: org.apache.maven.wrapper.MavenWrapperMain spring-boot:run
java_class_path (initial): .\.mvn\wrapper\maven-wrapper.jar
Launcher Type: SUN_STANDARD

Environment Variables:
JAVA_HOME=C:\Program Files\Java\jdk1.8.0_112\
PATH=C:\ProgramData\Oracle\Java\javapath;C:\WINDOWS\system32;C:\WINDOWS;C:\WINDOWS\System32\Wbem;C:\WINDOWS\System32\WindowsPowerShell\v1.0\;C:\Program Files (x86)\ATI Technologies\ATI.ACE\Core-Static;C:\Users\Liu Yang\AppData\Local\Programs\Python\Python36\Scripts\;C:\Users\Liu Yang\AppData\Local\Programs\Python\Python36\;C:\Users\Liu Yang\AppData\Local\Microsoft\WindowsApps;C:\Program Files\Java\jdk1.8.0_112\\bin;C:\Program Files\apache-maven-3.3.9\bin
USERNAME=Liu Yang
OS=Windows_NT
PROCESSOR_IDENTIFIER=Intel64 Family 6 Model 30 Stepping 5, GenuineIntel



---------------  S Y S T E M  ---------------

OS: Windows 10.0 , 64 bit Build 14393 (10.0.14393.0)

CPU:total 8 (4 cores per cpu, 2 threads per core) family 6 model 30 stepping 5, cmov, cx8, fxsr, mmx, sse, sse2, sse3, ssse3, sse4.1, sse4.2, popcnt, ht, tsc, tscinvbit

Memory: 4k page, physical 8376832k(4831556k free), swap 10632344k(6196984k free)

vm_info: Java HotSpot(TM) 64-Bit Server VM (25.112-b15) for windows-amd64 JRE (1.8.0_112-b15), built on Sep 22 2016 21:31:56 by "java_re" with MS VC++ 10.0 (VS2010)

time: Fri Oct 21 16:57:05 2016
elapsed time: 7 seconds (0d 0h 0m 7s)

